# JRE version: Java(TM) SE Runtime Environment (8.0_281-b09) (build 1.8.0_281-b09)
# Java VM: Java HotSpot(TM) 64-Bit Server VM (25.281-b09 mixed mode windows-amd64 compressed oops)
Heap:
 PSYoungGen      total 16896K, used 9632K [0x00000000eb180000, 0x00000000ec300000, 0x0000000100000000)
  eden space 16384K, 58% used [0x00000000eb180000,0x00000000ebad0390,0x00000000ec180000)
  from space 512K, 18% used [0x00000000ec280000,0x00000000ec298000,0x00000000ec300000)
  to   space 512K, 0% used [0x00000000ec200000,0x00000000ec200000,0x00000000ec280000)
 ParOldGen       total 44032K, used 24355K [0x00000000c1400000, 0x00000000c3f00000, 0x00000000eb180000)
  object space 44032K, 55% used [0x00000000c1400000,0x00000000c2bc8f28,0x00000000c3f00000)
 Metaspace       used 13462K, capacity 13704K, committed 13952K, reserved 1060864K
  class space    used 1744K, capacity 1827K, committed 1920K, reserved 1048576K
GC Heap History (10 events):
Event: 90397.359 GC heap before
{Heap before GC invocations=474 (full 0):
 PSYoungGen      total 16896K, used 16416K [0x00000000eb180000, 0x00000000ec300000, 0x0000000100000000)
  eden space 16384K, 100% used [0x00000000eb180000,0x00000000ec180000,0x00000000ec180000)
  from space 512K, 6% used [0x00000000ec200000,0x00000000ec208000,0x00000000ec280000)
  to   space 512K, 0% used [0x00000000ec280000,0x00000000ec280000,0x00000000ec300000)
 ParOldGen       total 44032K, used 24355K [0x00000000c1400000, 0x00000000c3f00000, 0x00000000eb180000)
  object space 44032K, 55% used [0x00000000c1400000,0x00000000c2bc8f28,0x00000000c3f00000)
 Metaspace       used 13462K, capacity 13704K, committed 13952K, reserved 1060864K
  class space    used 1744K, capacity 1827K, committed 1920K, reserved 1048576K
Event: 90397.360 GC heap after
Heap after GC invocations=474 (full 0):
 PSYoungGen      total 16896K, used 96K [0x00000000eb180000, 0x00000000ec300000, 0x0000000100000000)
  eden space 16384K, 0% used [0x00000000eb180000,0x00000000eb180000,0x00000000ec180000)
  from space 512K, 18% used [0x00000000ec280000,0x00000000ec298000,0x00000000ec300000)
  to   space 512K, 0% used [0x00000000ec200000,0x00000000ec200000,0x00000000ec280000)
 ParOldGen       total 44032K, used 24355K [0x00000000c1400000, 0x00000000c3f00000, 0x00000000eb180000)
  object space 44032K, 55% used [0x00000000c1400000,0x00000000c2bc8f28,0x00000000c3f00000)
 Metaspace       used 13462K, capacity 13704K, committed 13952K, reserved 1060864K
  class space    used 1744K, capacity 1827K, committed 1920K, reserved 1048576K
}
Event: 90444.857 GC heap before
{Heap before GC invocations=475 (full 0):
 PSYoungGen      total 16896K, used 16480K [0x00000000eb180000, 0x00000000ec300000, 0x0000000100000000)
  eden space 16384K, 100% used [0x00000000eb180000,0x00000000ec180000,0x00000000ec180000)
  from space 512K, 18% used [0x00000000ec280000,0x00000000ec298000,0x00000000ec300000)
  to   space 512K, 0% used [0x00000000ec200000,0x00000000ec200000,0x00000000ec280000)
 ParOldGen       total 44032K, used 24355K [0x00000000c1400000, 0x00000000c3f00000, 0x00000000eb180000)
  object space 44032K, 55% used [0x00000000c1400000,0x00000000c2bc8f28,0x00000000c3f00000)
 Metaspace       used 13462K, capacity 13704K, committed 13952K, reserved 1060864K
  class space    used 1744K, capacity 1827K, committed 1920K, reserved 1048576K
Event: 90444.858 GC heap after
Heap after GC invocations=475 (full 0):
 PSYoungGen      total 16896K, used 96K [0x00000000eb180000, 0x00000000ec300000, 0x0000000100000000)
  eden space 16384K, 0% used [0x00000000eb180000,0x00000000eb180000,0x00000000ec180000)
  from space 512K, 18% used [0x00000000ec200000,0x00000000ec218000,0x00000000ec280000)
  to   space 512K, 0% used [0x00000000ec280000,0x00000000ec280000,0x00000000ec300000)
 ParOldGen       total 44032K, used 24355K [0x00000000c1400000, 0x00000000c3f00000, 0x00000000eb180000)
  object space 44032K, 55% used [0x00000000c1400000,0x00000000c2bc8f28,0x00000000c3f00000)
 Metaspace       used 13462K, capacity 13704K, committed 13952K, reserved 1060864K
  class space    used 1744K, capacity 1827K, committed 1920K, reserved 1048576K
}
Event: 90550.641 GC heap before
{Heap before GC invocations=476 (full 0):
 PSYoungGen      total 16896K, used 16480K [0x00000000eb180000, 0x00000000ec300000, 0x0000000100000000)
  eden space 16384K, 100% used [0x00000000eb180000,0x00000000ec180000,0x00000000ec180000)
  from space 512K, 18% used [0x00000000ec200000,0x00000000ec218000,0x00000000ec280000)
  to   space 512K, 0% used [0x00000000ec280000,0x00000000ec280000,0x00000000ec300000)
 ParOldGen       total 44032K, used 24355K [0x00000000c1400000, 0x00000000c3f00000, 0x00000000eb180000)
  object space 44032K, 55% used [0x00000000c1400000,0x00000000c2bc8f28,0x00000000c3f00000)
 Metaspace       used 13462K, capacity 13704K, committed 13952K, reserved 1060864K
  class space    used 1744K, capacity 1827K, committed 1920K, reserved 1048576K
Event: 90550.642 GC heap after
Heap after GC invocations=476 (full 0):
 PSYoungGen      total 16896K, used 64K [0x00000000eb180000, 0x00000000ec300000, 0x0000000100000000)
  eden space 16384K, 0% used [0x00000000eb180000,0x00000000eb180000,0x00000000ec180000)
  from space 512K, 12% used [0x00000000ec280000,0x00000000ec290000,0x00000000ec300000)
  to   space 512K, 0% used [0x00000000ec200000,0x00000000ec200000,0x00000000ec280000)
 ParOldGen       total 44032K, used 24355K [0x00000000c1400000, 0x00000000c3f00000, 0x00000000eb180000)
  object space 44032K, 55% used [0x00000000c1400000,0x00000000c2bc8f28,0x00000000c3f00000)
 Metaspace       used 13462K, capacity 13704K, committed 13952K, reserved 1060864K
  class space    used 1744K, capacity 1827K, committed 1920K, reserved 1048576K
}
Event: 90646.568 GC heap before
{Heap before GC invocations=477 (full 0):
 PSYoungGen      total 16896K, used 16448K [0x00000000eb180000, 0x00000000ec300000, 0x0000000100000000)
  eden space 16384K, 100% used [0x00000000eb180000,0x00000000ec180000,0x00000000ec180000)
  from space 512K, 12% used [0x00000000ec280000,0x00000000ec290000,0x00000000ec300000)
  to   space 512K, 0% used [0x00000000ec200000,0x00000000ec200000,0x00000000ec280000)
 ParOldGen       total 44032K, used 24355K [0x00000000c1400000, 0x00000000c3f00000, 0x00000000eb180000)
  object space 44032K, 55% used [0x00000000c1400000,0x00000000c2bc8f28,0x00000000c3f00000)
 Metaspace       used 13462K, capacity 13704K, committed 13952K, reserved 1060864K
  class space    used 1744K, capacity 1827K, committed 1920K, reserved 1048576K
Event: 90646.570 GC heap after
Heap after GC invocations=477 (full 0):
 PSYoungGen      total 16896K, used 32K [0x00000000eb180000, 0x00000000ec300000, 0x0000000100000000)
  eden space 16384K, 0% used [0x00000000eb180000,0x00000000eb180000,0x00000000ec180000)
  from space 512K, 6% used [0x00000000ec200000,0x00000000ec208000,0x00000000ec280000)
  to   space 512K, 0% used [0x00000000ec280000,0x00000000ec280000,0x00000000ec300000)
 ParOldGen       total 44032K, used 24355K [0x00000000c1400000, 0x00000000c3f00000, 0x00000000eb180000)
  object space 44032K, 55% used [0x00000000c1400000,0x00000000c2bc8f28,0x00000000c3f00000)
 Metaspace       used 13462K, capacity 13704K, committed 13952K, reserved 1060864K
  class space    used 1744K, capacity 1827K, committed 1920K, reserved 1048576K
}
Event: 90748.712 GC heap before
{Heap before GC invocations=478 (full 0):
 PSYoungGen      total 16896K, used 16416K [0x00000000eb180000, 0x00000000ec300000, 0x0000000100000000)
  eden space 16384K, 100% used [0x00000000eb180000,0x00000000ec180000,0x00000000ec180000)
  from space 512K, 6% used [0x00000000ec200000,0x00000000ec208000,0x00000000ec280000)
  to   space 512K, 0% used [0x00000000ec280000,0x00000000ec280000,0x00000000ec300000)
 ParOldGen       total 44032K, used 24355K [0x00000000c1400000, 0x00000000c3f00000, 0x00000000eb180000)
  object space 44032K, 55% used [0x00000000c1400000,0x00000000c2bc8f28,0x00000000c3f00000)
 Metaspace       used 13462K, capacity 13704K, committed 13952K, reserved 1060864K
  class space    used 1744K, capacity 1827K, committed 1920K, reserved 1048576K
Event: 90748.756 GC heap after
Heap after GC invocations=478 (full 0):
 PSYoungGen      total 16896K, used 96K [0x00000000eb180000, 0x00000000ec300000, 0x0000000100000000)
  eden space 16384K, 0% used [0x00000000eb180000,0x00000000eb180000,0x00000000ec180000)
  from space 512K, 18% used [0x00000000ec280000,0x00000000ec298000,0x00000000ec300000)
  to   space 512K, 0% used [0x00000000ec200000,0x00000000ec200000,0x00000000ec280000)
 ParOldGen       total 44032K, used 24355K [0x00000000c1400000, 0x00000000c3f00000, 0x00000000eb180000)
  object space 44032K, 55% used [0x00000000c1400000,0x00000000c2bc8f28,0x00000000c3f00000)
 Metaspace       used 13462K, capacity 13704K, committed 13952K, reserved 1060864K
  class space    used 1744K, capacity 1827K, committed 1920K, reserved 1048576K
}

